<?xml version="1.0" encoding="UTF-8"?>
<!-- Generated by org.testng.reporters.JUnitReportReporter -->
<testsuite hostname="TAchalla20" failures="0" tests="5" name="com.OIPA_Project.TestCases.TC_LoginTestDDT_02" time="229.701" errors="0" timestamp="2022-07-19T19:38:46 IST" skipped="0">
  <testcase classname="com.OIPA_Project.TestCases.TC_LoginTestDDT_02" name="loginDDT" time="47.832"/>
  <system-out/>
  <testcase classname="com.OIPA_Project.TestCases.TC_LoginTestDDT_02" name="loginDDT" time="44.213"/>
  <system-out/>
  <testcase classname="com.OIPA_Project.TestCases.TC_LoginTestDDT_02" name="loginDDT" time="45.547"/>
  <system-out/>
  <testcase classname="com.OIPA_Project.TestCases.TC_LoginTestDDT_02" name="loginDDT" time="46.093"/>
  <system-out/>
  <testcase classname="com.OIPA_Project.TestCases.TC_LoginTestDDT_02" name="loginDDT" time="46.016"/>
  <system-out/>
</testsuite> <!-- com.OIPA_Project.TestCases.TC_LoginTestDDT_02 -->
