<?xml version="1.0" encoding="UTF-8"?>
<!-- Generated by org.testng.reporters.JUnitReportReporter -->
<testsuite hostname="TAchalla20" failures="0" tests="1" name="com.OIPA_Project.TestCases.TC_NonSuperEapp_03" time="213.680" errors="0" timestamp="2022-07-21T14:42:54 IST" skipped="0">
  <testcase classname="com.OIPA_Project.TestCases.TC_NonSuperEapp_03" name="NonSuperEapp" time="213.680"/>
  <system-out/>
</testsuite> <!-- com.OIPA_Project.TestCases.TC_NonSuperEapp_03 -->
