<?xml version="1.0" encoding="UTF-8"?>
<!-- Generated by org.testng.reporters.JUnitReportReporter -->
<testsuite hostname="TAchalla20" failures="0" tests="1" name="com.OIPA_Project.TestCases.TC_LoginTest_01" time="41.352" errors="0" timestamp="2022-07-24T15:40:10 IST" skipped="0">
  <testcase classname="com.OIPA_Project.TestCases.TC_LoginTest_01" name="ClearViewLogoVerification" time="41.352"/>
  <system-out/>
</testsuite> <!-- com.OIPA_Project.TestCases.TC_LoginTest_01 -->
